<?xml version="1.0" encoding="UTF-8"?>
<testng-results skipped="0" failed="0" ignored="0" total="5" passed="5">
  <reporter-output>
  </reporter-output>
  <suite name="Default suite" duration-ms="21224" started-at="2018-07-02T10:01:27Z" finished-at="2018-07-02T10:01:48Z">
    <groups>
    </groups>
    <test name="Default test" duration-ms="21224" started-at="2018-07-02T10:01:27Z" finished-at="2018-07-02T10:01:48Z">
      <class name="Testing.Testing">
        <test-method status="PASS" signature="Launch_Hris()[pri:0, instance:Testing.Testing@2d8f65a4]" name="Launch_Hris" is-config="true" duration-ms="12846" started-at="2018-07-02T10:01:27Z" finished-at="2018-07-02T10:01:39Z">
          <reporter-output>
          </reporter-output>
        </test-method> <!-- Launch_Hris -->
        <test-method status="PASS" signature="Verify_Login_With_Blank_Username()[pri:1, instance:Testing.Testing@2d8f65a4]" name="Verify_Login_With_Blank_Username" duration-ms="338" started-at="2018-07-02T10:01:39Z" finished-at="2018-07-02T10:01:40Z">
          <reporter-output>
          </reporter-output>
        </test-method> <!-- Verify_Login_With_Blank_Username -->
        <test-method status="PASS" signature="Verify_Login_With_Blank_Password()[pri:2, instance:Testing.Testing@2d8f65a4]" name="Verify_Login_With_Blank_Password" duration-ms="237" started-at="2018-07-02T10:01:40Z" finished-at="2018-07-02T10:01:40Z">
          <reporter-output>
          </reporter-output>
        </test-method> <!-- Verify_Login_With_Blank_Password -->
        <test-method status="PASS" signature="Verify_Login_With_Invalid_Credentials()[pri:3, instance:Testing.Testing@2d8f65a4]" name="Verify_Login_With_Invalid_Credentials" duration-ms="1083" started-at="2018-07-02T10:01:40Z" finished-at="2018-07-02T10:01:41Z">
          <reporter-output>
          </reporter-output>
        </test-method> <!-- Verify_Login_With_Invalid_Credentials -->
        <test-method status="PASS" signature="Verify_Login_With_Valid_Credentials()[pri:4, instance:Testing.Testing@2d8f65a4]" name="Verify_Login_With_Valid_Credentials" duration-ms="3865" started-at="2018-07-02T10:01:41Z" finished-at="2018-07-02T10:01:45Z">
          <reporter-output>
          </reporter-output>
        </test-method> <!-- Verify_Login_With_Valid_Credentials -->
        <test-method status="PASS" signature="Verify_Logout()[pri:5, instance:Testing.Testing@2d8f65a4]" name="Verify_Logout" duration-ms="2812" started-at="2018-07-02T10:01:45Z" finished-at="2018-07-02T10:01:48Z">
          <reporter-output>
          </reporter-output>
        </test-method> <!-- Verify_Logout -->
      </class> <!-- Testing.Testing -->
    </test> <!-- Default test -->
  </suite> <!-- Default suite -->
</testng-results>
